

Microchip MPLAB XC8 Assembler V2.45 build 20230818022343 
                                                                                               Mon Oct 30 15:23:28 2023

Microchip MPLAB XC8 C Compiler v2.45 (Free license) build 20230818022343 Og1 
     1                           	processor	16F877A
     2                           	pagewidth 120
     3                           	opt	flic
     4                           	psect	idataBANK0,global,class=CODE,delta=2,noexec
     5                           	psect	cinit,global,class=CODE,merge=1,delta=2
     6                           	psect	bssCOMMON,global,class=COMMON,space=1,delta=1,noexec
     7                           	psect	bssBANK0,global,class=BANK0,space=1,delta=1,noexec
     8                           	psect	dataBANK0,global,class=BANK0,space=1,delta=1,noexec
     9                           	psect	cstackCOMMON,global,class=COMMON,space=1,delta=1,noexec
    10                           	psect	cstackBANK0,global,class=BANK0,space=1,delta=1,noexec
    11                           	psect	maintext,global,class=CODE,split=1,delta=2
    12                           	psect	text1,local,class=CODE,merge=1,delta=2
    13                           	psect	text2,local,class=CODE,merge=1,delta=2
    14                           	psect	text3,local,class=CODE,merge=1,delta=2
    15                           	psect	text4,local,class=CODE,merge=1,delta=2
    16                           	psect	text5,local,class=CODE,merge=1,delta=2
    17                           	psect	intentry,global,class=CODE,delta=2
    18                           	psect	idloc,global,abs,ovrld,class=IDLOC,space=5,delta=2,noexec
    19                           	psect	config,global,abs,ovrld,class=CONFIG,space=4,delta=2,noexec
    20                           	dabs	1,0x7E,2
    21     0000                     
    22                           ; Generated 18/08/2023 GMT
    23                           ; 
    24                           ; Copyright © 2023, Microchip Technology Inc. and its subsidiaries ("Microchip")
    25                           ; All rights reserved.
    26                           ; 
    27                           ; This software is developed by Microchip Technology Inc. and its subsidiaries ("Microch
      +                          ip").
    28                           ; 
    29                           ; Redistribution and use in source and binary forms, with or without modification, are
    30                           ; permitted provided that the following conditions are met:
    31                           ; 
    32                           ;     1. Redistributions of source code must retain the above copyright notice, this lis
      +                          t of
    33                           ;        conditions and the following disclaimer.
    34                           ; 
    35                           ;     2. Redistributions in binary form must reproduce the above copyright notice, this 
      +                          list
    36                           ;        of conditions and the following disclaimer in the documentation and/or other
    37                           ;        materials provided with the distribution. Publication is not required when
    38                           ;        this file is used in an embedded application.
    39                           ; 
    40                           ;     3. Microchip's name may not be used to endorse or promote products derived from th
      +                          is
    41                           ;        software without specific prior written permission.
    42                           ; 
    43                           ; THIS SOFTWARE IS PROVIDED BY MICROCHIP "AS IS" AND ANY EXPRESS OR IMPLIED WARRANTIES,
    44                           ; INCLUDING, BUT NOT LIMITED TO, THE IMPLIED WARRANTIES OF MERCHANTABILITY AND FITNESS F
      +                          OR
    45                           ; PURPOSE ARE DISCLAIMED.  IN NO EVENT SHALL MICROCHIP BE LIABLE FOR ANY DIRECT, INDIREC
      +                          T,
    46                           ; INCIDENTAL, SPECIAL, EXEMPLARY, OR CONSEQUENTIAL DAMAGES (INCLUDING BUT NOT LIMITED TO
    47                           ; PROCUREMENT OF SUBSTITUTE GOODS OR SERVICES; LOSS OF USE, DATA OR PROFITS; OR BUSINESS
    48                           ; INTERRUPTION) HOWSOEVER CAUSED AND ON ANY THEORY OF LIABILITY, WHETHER IN CONTRACT, ST
      +                          RICT
    49                           ; LIABILITY, OR TORT (INCLUDING NEGLIGENCE OR OTHERWISE) ARISING IN ANY WAY OUT OF THE U
      +                          SE OF
    50                           ; THIS SOFTWARE, EVEN IF ADVISED OF THE POSSIBILITY OF SUCH DAMAGE.
    51                           ; 
    52                           ; 
    53                           ; Code-generator required, PIC16F877A Definitions
    54                           ; 
    55                           ; SFR Addresses
    56     0000                     	;# 
    57     0001                     	;# 
    58     0002                     	;# 
    59     0003                     	;# 
    60     0004                     	;# 
    61     0005                     	;# 
    62     0006                     	;# 
    63     0007                     	;# 
    64     0008                     	;# 
    65     0009                     	;# 
    66     000A                     	;# 
    67     000B                     	;# 
    68     000C                     	;# 
    69     000D                     	;# 
    70     000E                     	;# 
    71     000E                     	;# 
    72     000F                     	;# 
    73     0010                     	;# 
    74     0011                     	;# 
    75     0012                     	;# 
    76     0013                     	;# 
    77     0014                     	;# 
    78     0015                     	;# 
    79     0015                     	;# 
    80     0016                     	;# 
    81     0017                     	;# 
    82     0018                     	;# 
    83     0019                     	;# 
    84     001A                     	;# 
    85     001B                     	;# 
    86     001B                     	;# 
    87     001C                     	;# 
    88     001D                     	;# 
    89     001E                     	;# 
    90     001F                     	;# 
    91     0081                     	;# 
    92     0085                     	;# 
    93     0086                     	;# 
    94     0087                     	;# 
    95     0088                     	;# 
    96     0089                     	;# 
    97     008C                     	;# 
    98     008D                     	;# 
    99     008E                     	;# 
   100     0091                     	;# 
   101     0092                     	;# 
   102     0093                     	;# 
   103     0094                     	;# 
   104     0098                     	;# 
   105     0099                     	;# 
   106     009C                     	;# 
   107     009D                     	;# 
   108     009E                     	;# 
   109     009F                     	;# 
   110     010C                     	;# 
   111     010D                     	;# 
   112     010E                     	;# 
   113     010F                     	;# 
   114     018C                     	;# 
   115     018D                     	;# 
   116     0000                     	;# 
   117     0001                     	;# 
   118     0002                     	;# 
   119     0003                     	;# 
   120     0004                     	;# 
   121     0005                     	;# 
   122     0006                     	;# 
   123     0007                     	;# 
   124     0008                     	;# 
   125     0009                     	;# 
   126     000A                     	;# 
   127     000B                     	;# 
   128     000C                     	;# 
   129     000D                     	;# 
   130     000E                     	;# 
   131     000E                     	;# 
   132     000F                     	;# 
   133     0010                     	;# 
   134     0011                     	;# 
   135     0012                     	;# 
   136     0013                     	;# 
   137     0014                     	;# 
   138     0015                     	;# 
   139     0015                     	;# 
   140     0016                     	;# 
   141     0017                     	;# 
   142     0018                     	;# 
   143     0019                     	;# 
   144     001A                     	;# 
   145     001B                     	;# 
   146     001B                     	;# 
   147     001C                     	;# 
   148     001D                     	;# 
   149     001E                     	;# 
   150     001F                     	;# 
   151     0081                     	;# 
   152     0085                     	;# 
   153     0086                     	;# 
   154     0087                     	;# 
   155     0088                     	;# 
   156     0089                     	;# 
   157     008C                     	;# 
   158     008D                     	;# 
   159     008E                     	;# 
   160     0091                     	;# 
   161     0092                     	;# 
   162     0093                     	;# 
   163     0094                     	;# 
   164     0098                     	;# 
   165     0099                     	;# 
   166     009C                     	;# 
   167     009D                     	;# 
   168     009E                     	;# 
   169     009F                     	;# 
   170     010C                     	;# 
   171     010D                     	;# 
   172     010E                     	;# 
   173     010F                     	;# 
   174     018C                     	;# 
   175     018D                     	;# 
   176     0000                     	;# 
   177     0001                     	;# 
   178     0002                     	;# 
   179     0003                     	;# 
   180     0004                     	;# 
   181     0005                     	;# 
   182     0006                     	;# 
   183     0007                     	;# 
   184     0008                     	;# 
   185     0009                     	;# 
   186     000A                     	;# 
   187     000B                     	;# 
   188     000C                     	;# 
   189     000D                     	;# 
   190     000E                     	;# 
   191     000E                     	;# 
   192     000F                     	;# 
   193     0010                     	;# 
   194     0011                     	;# 
   195     0012                     	;# 
   196     0013                     	;# 
   197     0014                     	;# 
   198     0015                     	;# 
   199     0015                     	;# 
   200     0016                     	;# 
   201     0017                     	;# 
   202     0018                     	;# 
   203     0019                     	;# 
   204     001A                     	;# 
   205     001B                     	;# 
   206     001B                     	;# 
   207     001C                     	;# 
   208     001D                     	;# 
   209     001E                     	;# 
   210     001F                     	;# 
   211     0081                     	;# 
   212     0085                     	;# 
   213     0086                     	;# 
   214     0087                     	;# 
   215     0088                     	;# 
   216     0089                     	;# 
   217     008C                     	;# 
   218     008D                     	;# 
   219     008E                     	;# 
   220     0091                     	;# 
   221     0092                     	;# 
   222     0093                     	;# 
   223     0094                     	;# 
   224     0098                     	;# 
   225     0099                     	;# 
   226     009C                     	;# 
   227     009D                     	;# 
   228     009E                     	;# 
   229     009F                     	;# 
   230     010C                     	;# 
   231     010D                     	;# 
   232     010E                     	;# 
   233     010F                     	;# 
   234     018C                     	;# 
   235     018D                     	;# 
   236     0000                     	;# 
   237     0001                     	;# 
   238     0002                     	;# 
   239     0003                     	;# 
   240     0004                     	;# 
   241     0005                     	;# 
   242     0006                     	;# 
   243     0007                     	;# 
   244     0008                     	;# 
   245     0009                     	;# 
   246     000A                     	;# 
   247     000B                     	;# 
   248     000C                     	;# 
   249     000D                     	;# 
   250     000E                     	;# 
   251     000E                     	;# 
   252     000F                     	;# 
   253     0010                     	;# 
   254     0011                     	;# 
   255     0012                     	;# 
   256     0013                     	;# 
   257     0014                     	;# 
   258     0015                     	;# 
   259     0015                     	;# 
   260     0016                     	;# 
   261     0017                     	;# 
   262     0018                     	;# 
   263     0019                     	;# 
   264     001A                     	;# 
   265     001B                     	;# 
   266     001B                     	;# 
   267     001C                     	;# 
   268     001D                     	;# 
   269     001E                     	;# 
   270     001F                     	;# 
   271     0081                     	;# 
   272     0085                     	;# 
   273     0086                     	;# 
   274     0087                     	;# 
   275     0088                     	;# 
   276     0089                     	;# 
   277     008C                     	;# 
   278     008D                     	;# 
   279     008E                     	;# 
   280     0091                     	;# 
   281     0092                     	;# 
   282     0093                     	;# 
   283     0094                     	;# 
   284     0098                     	;# 
   285     0099                     	;# 
   286     009C                     	;# 
   287     009D                     	;# 
   288     009E                     	;# 
   289     009F                     	;# 
   290     010C                     	;# 
   291     010D                     	;# 
   292     010E                     	;# 
   293     010F                     	;# 
   294     018C                     	;# 
   295     018D                     	;# 
   296     0000                     	;# 
   297     0001                     	;# 
   298     0002                     	;# 
   299     0003                     	;# 
   300     0004                     	;# 
   301     0005                     	;# 
   302     0006                     	;# 
   303     0007                     	;# 
   304     0008                     	;# 
   305     0009                     	;# 
   306     000A                     	;# 
   307     000B                     	;# 
   308     000C                     	;# 
   309     000D                     	;# 
   310     000E                     	;# 
   311     000E                     	;# 
   312     000F                     	;# 
   313     0010                     	;# 
   314     0011                     	;# 
   315     0012                     	;# 
   316     0013                     	;# 
   317     0014                     	;# 
   318     0015                     	;# 
   319     0015                     	;# 
   320     0016                     	;# 
   321     0017                     	;# 
   322     0018                     	;# 
   323     0019                     	;# 
   324     001A                     	;# 
   325     001B                     	;# 
   326     001B                     	;# 
   327     001C                     	;# 
   328     001D                     	;# 
   329     001E                     	;# 
   330     001F                     	;# 
   331     0081                     	;# 
   332     0085                     	;# 
   333     0086                     	;# 
   334     0087                     	;# 
   335     0088                     	;# 
   336     0089                     	;# 
   337     008C                     	;# 
   338     008D                     	;# 
   339     008E                     	;# 
   340     0091                     	;# 
   341     0092                     	;# 
   342     0093                     	;# 
   343     0094                     	;# 
   344     0098                     	;# 
   345     0099                     	;# 
   346     009C                     	;# 
   347     009D                     	;# 
   348     009E                     	;# 
   349     009F                     	;# 
   350     010C                     	;# 
   351     010D                     	;# 
   352     010E                     	;# 
   353     010F                     	;# 
   354     018C                     	;# 
   355     018D                     	;# 
   356                           
   357                           	psect	idataBANK0
   358     0112                     __pidataBANK0:
   359                           
   360                           ;initializer for main@ssd
   361     0112  3406               	retlw	6
   362     0113  345B               	retlw	91
   363     0114  344F               	retlw	79
   364     0115  3466               	retlw	102
   365     0005                     _PORTA	set	5
   366     0008                     _PORTD	set	8
   367     0006                     _PORTB	set	6
   368     0001                     _TMR0	set	1
   369     005C                     _INTE	set	92
   370     005F                     _GIE	set	95
   371     0037                     _RB7	set	55
   372     005D                     _TMR0IE	set	93
   373     0059                     _INTF	set	89
   374     005A                     _TMR0IF	set	90
   375     0085                     _TRISA	set	133
   376     0088                     _TRISD	set	136
   377     040B                     _PSA	set	1035
   378     040D                     _T0CS	set	1037
   379     0437                     _TRISB7	set	1079
   380                           
   381                           	psect	cinit
   382     000F                     start_initialization:	
   383                           ; #config settings
   384                           
   385     000F                     __initialization:
   386                           
   387                           ; Initialize objects allocated to BANK0
   388     000F  120A  118A  2112  120A  118A  	fcall	__pidataBANK0	;fetch initializer
   389     0014  00A6               	movwf	__pdataBANK0& (0+127)
   390     0015  120A  118A  2113  120A  118A  	fcall	__pidataBANK0+1	;fetch initializer
   391     001A  00A7               	movwf	(__pdataBANK0+1)& (0+127)
   392     001B  120A  118A  2114  120A  118A  	fcall	__pidataBANK0+2	;fetch initializer
   393     0020  00A8               	movwf	(__pdataBANK0+2)& (0+127)
   394     0021  120A  118A  2115  120A  118A  	fcall	__pidataBANK0+3	;fetch initializer
   395     0026  00A9               	movwf	(__pdataBANK0+3)& (0+127)
   396                           
   397                           ; Clear objects allocated to BANK0
   398     0027  01AA               	clrf	__pbssBANK0& (0+127)
   399     0028  01AB               	clrf	(__pbssBANK0+1)& (0+127)
   400                           
   401                           ; Clear objects allocated to COMMON
   402     0029  01F6               	clrf	__pbssCOMMON& (0+127)
   403     002A  01F7               	clrf	(__pbssCOMMON+1)& (0+127)
   404     002B                     end_of_initialization:	
   405                           ;End of C runtime variable initialization code
   406                           
   407     002B                     __end_of__initialization:
   408     002B  0183               	clrf	3
   409     002C  120A  118A  28BB   	ljmp	_main	;jump to C main() function
   410                           
   411                           	psect	bssCOMMON
   412     0076                     __pbssCOMMON:
   413     0076                     _count1:
   414     0076                     	ds	2
   415                           
   416                           	psect	bssBANK0
   417     002A                     __pbssBANK0:
   418     002A                     isr@count:
   419     002A                     	ds	2
   420                           
   421                           	psect	dataBANK0
   422     0026                     __pdataBANK0:
   423     0026                     main@ssd:
   424     0026                     	ds	4
   425                           
   426                           	psect	cstackCOMMON
   427     0070                     __pcstackCOMMON:
   428     0070                     ?_init_ssd:
   429     0070                     ?_init_timer0:	
   430                           ; 1 bytes @ 0x0
   431                           
   432     0070                     ?_display:	
   433                           ; 1 bytes @ 0x0
   434                           
   435     0070                     ?_isr:	
   436                           ; 1 bytes @ 0x0
   437                           
   438     0070                     ??_isr:	
   439                           ; 1 bytes @ 0x0
   440                           
   441     0070                     ?_init_config:	
   442                           ; 1 bytes @ 0x0
   443                           
   444     0070                     ?_main:	
   445                           ; 1 bytes @ 0x0
   446                           
   447                           
   448                           ; 1 bytes @ 0x0
   449     0070                     	ds	2
   450     0072                     ??_init_ssd:
   451     0072                     ??_init_timer0:	
   452                           ; 1 bytes @ 0x2
   453                           
   454     0072                     ??_display:	
   455                           ; 1 bytes @ 0x2
   456                           
   457     0072                     ??_init_config:	
   458                           ; 1 bytes @ 0x2
   459                           
   460                           
   461                           ; 1 bytes @ 0x2
   462     0072                     	ds	4
   463     0076                     ??_main:
   464                           
   465                           	psect	cstackBANK0
   466     0020                     __pcstackBANK0:	
   467                           ; 1 bytes @ 0x6
   468                           
   469     0020                     display@wait:
   470                           
   471                           ; 4 bytes @ 0x0
   472     0020                     	ds	4
   473     0024                     display@data:
   474                           
   475                           ; 1 bytes @ 0x4
   476     0024                     	ds	1
   477     0025                     display@digit:
   478                           
   479                           ; 1 bytes @ 0x5
   480     0025                     	ds	1
   481                           
   482                           	psect	maintext
   483     00BB                     __pmaintext:	
   484 ;;
   485 ;;Main: autosize = 0, tempsize = 0, incstack = 0, save=0
   486 ;;
   487 ;; *************** function _main *****************
   488 ;; Defined at:
   489 ;;		line 29 in file "main.c"
   490 ;; Parameters:    Size  Location     Type
   491 ;;		None
   492 ;; Auto vars:     Size  Location     Type
   493 ;;		None
   494 ;; Return value:  Size  Location     Type
   495 ;;                  1    wreg      void 
   496 ;; Registers used:
   497 ;;		wreg, fsr0l, fsr0h, status,2, status,0, btemp+1, pclath, cstack
   498 ;; Tracked objects:
   499 ;;		On entry : B00/0
   500 ;;		On exit  : 0/0
   501 ;;		Unchanged: 0/0
   502 ;; Data sizes:     COMMON   BANK0   BANK1   BANK3   BANK2
   503 ;;      Params:         0       0       0       0       0
   504 ;;      Locals:         0       0       0       0       0
   505 ;;      Temps:          0       0       0       0       0
   506 ;;      Totals:         0       0       0       0       0
   507 ;;Total ram usage:        0 bytes
   508 ;; Hardware stack levels required when called: 3
   509 ;; This function calls:
   510 ;;		_display
   511 ;;		_init_config
   512 ;; This function is called by:
   513 ;;		Startup code after reset
   514 ;; This function uses a non-reentrant model
   515 ;;
   516                           
   517     00BB                     _main:	
   518                           ;psect for function _main
   519                           
   520     00BB                     l791:	
   521                           ;incstack = 0
   522                           ; Regs used in _main: [wreg-fsr0h+status,2+status,0+btemp+1+pclath+cstack]
   523                           
   524                           
   525                           ;main.c: 31:         {;main.c: 32: 
   526     00BB  120A  118A  20E9  120A  118A  	fcall	_init_config
   527     00C0                     l793:
   528                           
   529                           ;main.c: 36:     }
   530     00C0  0877               	movf	_count1+1,w
   531     00C1  3A80               	xorlw	128
   532     00C2  00FF               	movwf	btemp+1
   533     00C3  3080               	movlw	128
   534     00C4  027F               	subwf	btemp+1,w
   535     00C5  1D03               	skipz
   536     00C6  28C9               	goto	u235
   537     00C7  3005               	movlw	5
   538     00C8  0276               	subwf	_count1,w
   539     00C9                     u235:
   540     00C9  1C03               	skipc
   541     00CA  28CC               	goto	u231
   542     00CB  28CD               	goto	u230
   543     00CC                     u231:
   544     00CC  28D2               	goto	l799
   545     00CD                     u230:
   546     00CD                     l795:
   547                           
   548                           ;main.c: 37:     return;;main.c: 38: }
   549     00CD  128B               	bcf	11,5	;volatile
   550     00CE                     l797:
   551     00CE  1283               	bcf	3,5	;RP0=0, select bank0
   552     00CF  1303               	bcf	3,6	;RP1=0, select bank0
   553     00D0  0186               	clrf	6	;volatile
   554     00D1  0188               	clrf	8	;volatile
   555     00D2                     l799:
   556     00D2  0877               	movf	_count1+1,w
   557     00D3  3A80               	xorlw	128
   558     00D4  00FF               	movwf	btemp+1
   559     00D5  3080               	movlw	128
   560     00D6  027F               	subwf	btemp+1,w
   561     00D7  1D03               	skipz
   562     00D8  28DB               	goto	u245
   563     00D9  3005               	movlw	5
   564     00DA  0276               	subwf	_count1,w
   565     00DB                     u245:
   566     00DB  1803               	skipnc
   567     00DC  28DE               	goto	u241
   568     00DD  28DF               	goto	u240
   569     00DE                     u241:
   570     00DE  28C0               	goto	l793
   571     00DF                     u240:
   572     00DF                     l801:
   573     00DF  3026               	movlw	(low (main@ssd| 0))& (0+255)
   574     00E0  120A  118A  202F  120A  118A  	fcall	_display
   575     00E5  28C0               	goto	l793
   576     00E6  120A  118A  280C   	ljmp	start
   577     00E9                     __end_of_main:
   578                           
   579                           	psect	text1
   580     00E9                     __ptext1:	
   581 ;; *************** function _init_config *****************
   582 ;; Defined at:
   583 ;;		line 15 in file "main.c"
   584 ;; Parameters:    Size  Location     Type
   585 ;;		None
   586 ;; Auto vars:     Size  Location     Type
   587 ;;		None
   588 ;; Return value:  Size  Location     Type
   589 ;;                  1    wreg      void 
   590 ;; Registers used:
   591 ;;		wreg, status,2, status,0, pclath, cstack
   592 ;; Tracked objects:
   593 ;;		On entry : 0/0
   594 ;;		On exit  : 0/0
   595 ;;		Unchanged: 0/0
   596 ;; Data sizes:     COMMON   BANK0   BANK1   BANK3   BANK2
   597 ;;      Params:         0       0       0       0       0
   598 ;;      Locals:         0       0       0       0       0
   599 ;;      Temps:          0       0       0       0       0
   600 ;;      Totals:         0       0       0       0       0
   601 ;;Total ram usage:        0 bytes
   602 ;; Hardware stack levels used: 1
   603 ;; Hardware stack levels required when called: 2
   604 ;; This function calls:
   605 ;;		_init_ssd
   606 ;;		_init_timer0
   607 ;; This function is called by:
   608 ;;		_main
   609 ;; This function uses a non-reentrant model
   610 ;;
   611                           
   612     00E9                     _init_config:	
   613                           ;psect for function _init_config
   614                           
   615     00E9                     l715:	
   616                           ;incstack = 0
   617                           ; Regs used in _init_config: [wreg+status,2+status,0+pclath+cstack]
   618                           
   619                           
   620                           ;main.c: 17:     static unsigned char ssd[]={0x06, 0x5B, 0x4F, 0x66};
   621     00E9  1683               	bsf	3,5	;RP0=1, select bank1
   622     00EA  1303               	bcf	3,6	;RP1=0, select bank1
   623     00EB  1386               	bcf	6,7	;volatile
   624     00EC                     l717:
   625                           
   626                           ;main.c: 18:     init_config();
   627     00EC  120A  118A  20FC  120A  118A  	fcall	_init_ssd
   628                           
   629                           ;main.c: 19: 
   630     00F1  120A  118A  2108  120A  118A  	fcall	_init_timer0
   631     00F6                     l719:
   632                           
   633                           ;main.c: 20:     while (1) {
   634     00F6  1283               	bcf	3,5	;RP0=0, select bank0
   635     00F7  1303               	bcf	3,6	;RP1=0, select bank0
   636     00F8  1386               	bcf	6,7	;volatile
   637     00F9                     l721:
   638                           
   639                           ;main.c: 23:         {
   640     00F9  178B               	bsf	11,7	;volatile
   641     00FA                     l723:
   642                           
   643                           ;main.c: 25: 
   644     00FA  160B               	bsf	11,4	;volatile
   645     00FB                     l47:
   646     00FB  0008               	return
   647     00FC                     __end_of_init_config:
   648                           
   649                           	psect	text2
   650     0108                     __ptext2:	
   651 ;; *************** function _init_timer0 *****************
   652 ;; Defined at:
   653 ;;		line 3 in file "timers.c"
   654 ;; Parameters:    Size  Location     Type
   655 ;;		None
   656 ;; Auto vars:     Size  Location     Type
   657 ;;		None
   658 ;; Return value:  Size  Location     Type
   659 ;;                  1    wreg      void 
   660 ;; Registers used:
   661 ;;		wreg
   662 ;; Tracked objects:
   663 ;;		On entry : 0/0
   664 ;;		On exit  : 0/0
   665 ;;		Unchanged: 0/0
   666 ;; Data sizes:     COMMON   BANK0   BANK1   BANK3   BANK2
   667 ;;      Params:         0       0       0       0       0
   668 ;;      Locals:         0       0       0       0       0
   669 ;;      Temps:          0       0       0       0       0
   670 ;;      Totals:         0       0       0       0       0
   671 ;;Total ram usage:        0 bytes
   672 ;; Hardware stack levels used: 1
   673 ;; Hardware stack levels required when called: 1
   674 ;; This function calls:
   675 ;;		Nothing
   676 ;; This function is called by:
   677 ;;		_init_config
   678 ;; This function uses a non-reentrant model
   679 ;;
   680                           
   681     0108                     _init_timer0:	
   682                           ;psect for function _init_timer0
   683                           
   684     0108                     l709:	
   685                           ;incstack = 0
   686                           ; Regs used in _init_timer0: [wreg]
   687                           
   688                           
   689                           ;timers.c: 6:     T0CS = 0;
   690     0108  1683               	bsf	3,5	;RP0=1, select bank1
   691     0109  1303               	bcf	3,6	;RP1=0, select bank1
   692     010A  1281               	bcf	1,5	;volatile
   693                           
   694                           ;timers.c: 9:     PSA = 1;
   695     010B  1581               	bsf	1,3	;volatile
   696     010C                     l711:
   697                           
   698                           ;timers.c: 11:     TMR0 = 6;
   699     010C  3006               	movlw	6
   700     010D  1283               	bcf	3,5	;RP0=0, select bank0
   701     010E  1303               	bcf	3,6	;RP1=0, select bank0
   702     010F  0081               	movwf	1	;volatile
   703     0110                     l713:
   704                           
   705                           ;timers.c: 14:     TMR0IE = 1;
   706     0110  168B               	bsf	11,5	;volatile
   707     0111                     l89:
   708     0111  0008               	return
   709     0112                     __end_of_init_timer0:
   710                           
   711                           	psect	text3
   712     00FC                     __ptext3:	
   713 ;; *************** function _init_ssd *****************
   714 ;; Defined at:
   715 ;;		line 4 in file "ssd.c"
   716 ;; Parameters:    Size  Location     Type
   717 ;;		None
   718 ;; Auto vars:     Size  Location     Type
   719 ;;		None
   720 ;; Return value:  Size  Location     Type
   721 ;;                  1    wreg      void 
   722 ;; Registers used:
   723 ;;		wreg, status,2
   724 ;; Tracked objects:
   725 ;;		On entry : 0/0
   726 ;;		On exit  : 0/0
   727 ;;		Unchanged: 0/0
   728 ;; Data sizes:     COMMON   BANK0   BANK1   BANK3   BANK2
   729 ;;      Params:         0       0       0       0       0
   730 ;;      Locals:         0       0       0       0       0
   731 ;;      Temps:          0       0       0       0       0
   732 ;;      Totals:         0       0       0       0       0
   733 ;;Total ram usage:        0 bytes
   734 ;; Hardware stack levels used: 1
   735 ;; Hardware stack levels required when called: 1
   736 ;; This function calls:
   737 ;;		Nothing
   738 ;; This function is called by:
   739 ;;		_init_config
   740 ;; This function uses a non-reentrant model
   741 ;;
   742                           
   743     00FC                     _init_ssd:	
   744                           ;psect for function _init_ssd
   745                           
   746     00FC                     l703:	
   747                           ;incstack = 0
   748                           ; Regs used in _init_ssd: [wreg+status,2]
   749                           
   750                           
   751                           ;ssd.c: 7:     TRISD = 0x00;
   752     00FC  1683               	bsf	3,5	;RP0=1, select bank1
   753     00FD  1303               	bcf	3,6	;RP1=0, select bank1
   754     00FE  0188               	clrf	8	;volatile
   755     00FF                     l705:
   756                           
   757                           ;ssd.c: 10:     TRISA = TRISA & 0x03;
   758     00FF  0805               	movf	5,w	;volatile
   759     0100  3903               	andlw	3
   760     0101  0085               	movwf	5	;volatile
   761     0102                     l707:
   762                           
   763                           ;ssd.c: 12:     PORTA = PORTA & 0x03;
   764     0102  1283               	bcf	3,5	;RP0=0, select bank0
   765     0103  1303               	bcf	3,6	;RP1=0, select bank0
   766     0104  0805               	movf	5,w	;volatile
   767     0105  3903               	andlw	3
   768     0106  0085               	movwf	5	;volatile
   769     0107                     l70:
   770     0107  0008               	return
   771     0108                     __end_of_init_ssd:
   772                           
   773                           	psect	text4
   774     002F                     __ptext4:	
   775 ;; *************** function _display *****************
   776 ;; Defined at:
   777 ;;		line 15 in file "ssd.c"
   778 ;; Parameters:    Size  Location     Type
   779 ;;  data            1    wreg     PTR unsigned char 
   780 ;;		 -> main@ssd(4), 
   781 ;; Auto vars:     Size  Location     Type
   782 ;;  data            1    4[BANK0 ] PTR unsigned char 
   783 ;;		 -> main@ssd(4), 
   784 ;;  wait            4    0[BANK0 ] unsigned long 
   785 ;;  digit           1    5[BANK0 ] unsigned char 
   786 ;; Return value:  Size  Location     Type
   787 ;;                  1    wreg      void 
   788 ;; Registers used:
   789 ;;		wreg, fsr0l, fsr0h, status,2, status,0, btemp+1
   790 ;; Tracked objects:
   791 ;;		On entry : 0/0
   792 ;;		On exit  : 0/0
   793 ;;		Unchanged: 0/0
   794 ;; Data sizes:     COMMON   BANK0   BANK1   BANK3   BANK2
   795 ;;      Params:         0       0       0       0       0
   796 ;;      Locals:         0       6       0       0       0
   797 ;;      Temps:          4       0       0       0       0
   798 ;;      Totals:         4       6       0       0       0
   799 ;;Total ram usage:       10 bytes
   800 ;; Hardware stack levels used: 1
   801 ;; Hardware stack levels required when called: 1
   802 ;; This function calls:
   803 ;;		Nothing
   804 ;; This function is called by:
   805 ;;		_main
   806 ;; This function uses a non-reentrant model
   807 ;;
   808                           
   809     002F                     _display:	
   810                           ;psect for function _display
   811                           
   812                           
   813                           ;incstack = 0
   814                           ; Regs used in _display: [wreg-fsr0h+status,2+status,0+btemp+1]
   815                           ;display@data stored from wreg
   816     002F  1283               	bcf	3,5	;RP0=0, select bank0
   817     0030  1303               	bcf	3,6	;RP1=0, select bank0
   818     0031  00A4               	movwf	display@data
   819     0032                     l773:
   820                           
   821                           ;ssd.c: 15: void display(unsigned char data[]);ssd.c: 16: {;ssd.c: 17:     unsigned char
      +                           digit;;ssd.c: 19:     for (digit = 0; digit < 4; digit++)
   822     0032  01A5               	clrf	display@digit
   823     0033                     l779:
   824                           
   825                           ;ssd.c: 20:     {;ssd.c: 21:         PORTD = data[digit];
   826     0033  0825               	movf	display@digit,w
   827     0034  0724               	addwf	display@data,w
   828     0035  00F2               	movwf	??_display
   829     0036  0872               	movf	??_display,w
   830     0037  0084               	movwf	4
   831     0038  1383               	bcf	3,7	;select IRP bank0
   832     0039  0800               	movf	0,w
   833     003A  0088               	movwf	8	;volatile
   834     003B                     l781:
   835                           
   836                           ;ssd.c: 22:         PORTA = (PORTA & 0x03) | (0x04 << digit);
   837     003B  3004               	movlw	4
   838     003C  00F2               	movwf	??_display
   839     003D  0A25               	incf	display@digit,w
   840     003E  2841               	goto	u194
   841     003F                     u195:
   842     003F  1003               	clrc
   843     0040  0DF2               	rlf	??_display,f
   844     0041                     u194:
   845     0041  3EFF               	addlw	-1
   846     0042  1D03               	skipz
   847     0043  283F               	goto	u195
   848     0044  0805               	movf	5,w	;volatile
   849     0045  3903               	andlw	3
   850     0046  0472               	iorwf	??_display,w
   851     0047  0085               	movwf	5	;volatile
   852     0048                     l783:
   853                           
   854                           ;ssd.c: 24:        for (unsigned long int wait = 200;wait-- ; );
   855     0048  3000               	movlw	0
   856     0049  00A3               	movwf	display@wait+3
   857     004A  3000               	movlw	0
   858     004B  00A2               	movwf	display@wait+2
   859     004C  3000               	movlw	0
   860     004D  00A1               	movwf	display@wait+1
   861     004E  30C8               	movlw	200
   862     004F  00A0               	movwf	display@wait
   863     0050                     l785:
   864     0050  3001               	movlw	1
   865     0051  00F2               	movwf	??_display
   866     0052  3000               	movlw	0
   867     0053  00F3               	movwf	??_display+1
   868     0054  3000               	movlw	0
   869     0055  00F4               	movwf	??_display+2
   870     0056  3000               	movlw	0
   871     0057  00F5               	movwf	??_display+3
   872     0058  0872               	movf	??_display,w
   873     0059  1283               	bcf	3,5	;RP0=0, select bank0
   874     005A  1303               	bcf	3,6	;RP1=0, select bank0
   875     005B  02A0               	subwf	display@wait,f
   876     005C  0873               	movf	??_display+1,w
   877     005D  1C03               	skipc
   878     005E  0F73               	incfsz	??_display+1,w
   879     005F  2861               	goto	u205
   880     0060  2862               	goto	u206
   881     0061                     u205:
   882     0061  02A1               	subwf	display@wait+1,f
   883     0062                     u206:
   884     0062  0874               	movf	??_display+2,w
   885     0063  1C03               	skipc
   886     0064  0F74               	incfsz	??_display+2,w
   887     0065  2867               	goto	u207
   888     0066  2868               	goto	u208
   889     0067                     u207:
   890     0067  02A2               	subwf	display@wait+2,f
   891     0068                     u208:
   892     0068  0875               	movf	??_display+3,w
   893     0069  1C03               	skipc
   894     006A  0F75               	incfsz	??_display+3,w
   895     006B  286D               	goto	u209
   896     006C  286E               	goto	u200
   897     006D                     u209:
   898     006D  02A3               	subwf	display@wait+3,f
   899     006E                     u200:
   900     006E  0A20               	incf	display@wait,w
   901     006F  1D03               	skipz
   902     0070  287B               	goto	u211
   903     0071  0A21               	incf	display@wait+1,w
   904     0072  1D03               	skipz
   905     0073  287B               	goto	u211
   906     0074  0A22               	incf	display@wait+2,w
   907     0075  1D03               	skipz
   908     0076  287B               	goto	u211
   909     0077  0A23               	incf	display@wait+3,w
   910     0078  1D03               	btfss	3,2
   911     0079  287B               	goto	u211
   912     007A  287C               	goto	u210
   913     007B                     u211:
   914     007B  2850               	goto	l785
   915     007C                     u210:
   916     007C                     l787:
   917                           
   918                           ;ssd.c: 25:     }
   919     007C  3001               	movlw	1
   920     007D  00FF               	movwf	btemp+1
   921     007E  087F               	movf	btemp+1,w
   922     007F  1283               	bcf	3,5	;RP0=0, select bank0
   923     0080  1303               	bcf	3,6	;RP1=0, select bank0
   924     0081  07A5               	addwf	display@digit,f
   925     0082                     l789:
   926     0082  3004               	movlw	4
   927     0083  0225               	subwf	display@digit,w
   928     0084  1C03               	skipc
   929     0085  2887               	goto	u221
   930     0086  2888               	goto	u220
   931     0087                     u221:
   932     0087  2833               	goto	l779
   933     0088                     u220:
   934     0088                     l78:
   935     0088  0008               	return
   936     0089                     __end_of_display:
   937                           
   938                           	psect	text5
   939     0089                     __ptext5:	
   940 ;; *************** function _isr *****************
   941 ;; Defined at:
   942 ;;		line 6 in file "isr.c"
   943 ;; Parameters:    Size  Location     Type
   944 ;;		None
   945 ;; Auto vars:     Size  Location     Type
   946 ;;		None
   947 ;; Return value:  Size  Location     Type
   948 ;;                  1    wreg      void 
   949 ;; Registers used:
   950 ;;		wreg, status,2, status,0
   951 ;; Tracked objects:
   952 ;;		On entry : 0/0
   953 ;;		On exit  : 0/0
   954 ;;		Unchanged: 0/0
   955 ;; Data sizes:     COMMON   BANK0   BANK1   BANK3   BANK2
   956 ;;      Params:         0       0       0       0       0
   957 ;;      Locals:         0       0       0       0       0
   958 ;;      Temps:          2       0       0       0       0
   959 ;;      Totals:         2       0       0       0       0
   960 ;;Total ram usage:        2 bytes
   961 ;; Hardware stack levels used: 1
   962 ;; This function calls:
   963 ;;		Nothing
   964 ;; This function is called by:
   965 ;;		Interrupt level 1
   966 ;; This function uses a non-reentrant model
   967 ;;
   968                           
   969     0089                     _isr:	
   970                           ;psect for function _isr
   971                           
   972     0089                     i1l743:
   973                           
   974                           ;isr.c: 8:     static unsigned int count = 0;;isr.c: 9:     if (TMR0IF == 1)
   975     0089  1D0B               	btfss	11,2	;volatile
   976     008A  288C               	goto	u14_21
   977     008B  288D               	goto	u14_20
   978     008C                     u14_21:
   979     008C  28B4               	goto	i1l22
   980     008D                     u14_20:
   981     008D                     i1l745:
   982                           
   983                           ;isr.c: 10:     {;isr.c: 11:         TMR0 = TMR0 + 6 + 2;
   984     008D  1283               	bcf	3,5	;RP0=0, select bank0
   985     008E  1303               	bcf	3,6	;RP1=0, select bank0
   986     008F  0801               	movf	1,w	;volatile
   987     0090  3E08               	addlw	8
   988     0091  0081               	movwf	1	;volatile
   989                           
   990                           ;isr.c: 12:         if (++count == 15000)
   991     0092  3001               	movlw	1
   992     0093  07AA               	addwf	isr@count,f
   993     0094  1803               	skipnc
   994     0095  0AAB               	incf	isr@count+1,f
   995     0096  3000               	movlw	0
   996     0097  07AB               	addwf	isr@count+1,f
   997     0098  3098               	movlw	152
   998     0099  062A               	xorwf	isr@count,w
   999     009A  303A               	movlw	58
  1000     009B  1903               	skipnz
  1001     009C  062B               	xorwf	isr@count+1,w
  1002     009D  1D03               	btfss	3,2
  1003     009E  28A0               	goto	u15_21
  1004     009F  28A1               	goto	u15_20
  1005     00A0                     u15_21:
  1006     00A0  28B3               	goto	i1l759
  1007     00A1                     u15_20:
  1008     00A1                     i1l747:
  1009                           
  1010                           ;isr.c: 13:         {;isr.c: 14:             if(INTF == 1)
  1011     00A1  1C8B               	btfss	11,1	;volatile
  1012     00A2  28A4               	goto	u16_21
  1013     00A3  28A5               	goto	u16_20
  1014     00A4                     u16_21:
  1015     00A4  28A9               	goto	i1l755
  1016     00A5                     u16_20:
  1017     00A5                     i1l749:
  1018                           
  1019                           ;isr.c: 15:             {;isr.c: 16:                 count1 = 0;
  1020     00A5  01F6               	clrf	_count1
  1021     00A6  01F7               	clrf	_count1+1
  1022     00A7                     i1l751:
  1023                           
  1024                           ;isr.c: 17:                 INTF = 0;
  1025     00A7  108B               	bcf	11,1	;volatile
  1026     00A8                     i1l753:
  1027                           
  1028                           ;isr.c: 18:                 TMR0IE = 1;
  1029     00A8  168B               	bsf	11,5	;volatile
  1030     00A9                     i1l755:
  1031                           
  1032                           ;isr.c: 21:             count1++;
  1033     00A9  3001               	movlw	1
  1034     00AA  07F6               	addwf	_count1,f
  1035     00AB  1803               	skipnc
  1036     00AC  0AF7               	incf	_count1+1,f
  1037     00AD  3000               	movlw	0
  1038     00AE  07F7               	addwf	_count1+1,f
  1039     00AF                     i1l757:
  1040                           
  1041                           ;isr.c: 23:             count = 0;
  1042     00AF  01AA               	clrf	isr@count
  1043     00B0  01AB               	clrf	isr@count+1
  1044                           
  1045                           ;isr.c: 24:             RB7 = !RB7;
  1046     00B1  3080               	movlw	128
  1047     00B2  0686               	xorwf	6,f
  1048     00B3                     i1l759:
  1049                           
  1050                           ;isr.c: 27:         TMR0IF = 0;
  1051     00B3  110B               	bcf	11,2	;volatile
  1052     00B4                     i1l22:
  1053     00B4  0871               	movf	??_isr+1,w
  1054     00B5  008A               	movwf	10
  1055     00B6  0E70               	swapf	??_isr,w
  1056     00B7  0083               	movwf	3
  1057     00B8  0EFE               	swapf	btemp,f
  1058     00B9  0E7E               	swapf	btemp,w
  1059     00BA  0009               	retfie
  1060     00BB                     __end_of_isr:
  1061     007E                     btemp	set	126	;btemp
  1062     007E                     wtemp0	set	126
  1063                           
  1064                           	psect	intentry
  1065     0004                     __pintentry:	
  1066                           ;incstack = 0
  1067                           ; Regs used in _isr: [wreg+status,2+status,0]
  1068                           
  1069     0004                     interrupt_function:
  1070     007E                     saved_w	set	btemp
  1071     0004  00FE               	movwf	btemp
  1072     0005  0E03               	swapf	3,w
  1073     0006  00F0               	movwf	??_isr
  1074     0007  080A               	movf	10,w
  1075     0008  00F1               	movwf	??_isr+1
  1076     0009  120A  118A  2889   	ljmp	_isr
  1077                           
  1078                           	psect	idloc
  1079                           
  1080                           ;Config register IDLOC0 @ 0x2000
  1081                           ;	unspecified, using default values
  1082     2000                     	org	8192
  1083     2000  3FFF               	dw	16383
  1084                           
  1085                           ;Config register IDLOC1 @ 0x2001
  1086                           ;	unspecified, using default values
  1087     2001                     	org	8193
  1088     2001  3FFF               	dw	16383
  1089                           
  1090                           ;Config register IDLOC2 @ 0x2002
  1091                           ;	unspecified, using default values
  1092     2002                     	org	8194
  1093     2002  3FFF               	dw	16383
  1094                           
  1095                           ;Config register IDLOC3 @ 0x2003
  1096                           ;	unspecified, using default values
  1097     2003                     	org	8195
  1098     2003  3FFF               	dw	16383
  1099                           
  1100                           	psect	config
  1101                           
  1102                           ;Config register CONFIG @ 0x2007
  1103                           ;	Oscillator Selection bits
  1104                           ;	FOSC = 0x3, unprogrammed default
  1105                           ;	Watchdog Timer Enable bit
  1106                           ;	WDTE = OFF, WDT disabled
  1107                           ;	Power-up Timer Enable bit
  1108                           ;	PWRTE = 0x1, unprogrammed default
  1109                           ;	Brown-out Reset Enable bit
  1110                           ;	BOREN = 0x1, unprogrammed default
  1111                           ;	Low-Voltage (Single-Supply) In-Circuit Serial Programming Enable bit
  1112                           ;	LVP = 0x1, unprogrammed default
  1113                           ;	Data EEPROM Memory Code Protection bit
  1114                           ;	CPD = 0x1, unprogrammed default
  1115                           ;	Flash Program Memory Write Enable bits
  1116                           ;	WRT = 0x3, unprogrammed default
  1117                           ;	In-Circuit Debugger Mode bit
  1118                           ;	DEBUG = 0x1, unprogrammed default
  1119                           ;	Flash Program Memory Code Protection bit
  1120                           ;	CP = 0x1, unprogrammed default
  1121     2007                     	org	8199
  1122     2007  3FFB               	dw	16379

Data Sizes:
    Strings     0
    Constant    0
    Data        4
    BSS         4
    Persistent  0
    Stack       0

Auto Spaces:
    Space          Size  Autos    Used
    COMMON           14      6       8
    BANK0            80      6      12
    BANK1            80      0       0
    BANK3            96      0       0
    BANK2            96      0       0

Pointer List with Targets:

    display@data	PTR unsigned char  size(1) Largest target is 4
		 -> main@ssd(BANK0[4]), 


Critical Paths under _main in COMMON

    _main->_display

Critical Paths under _isr in COMMON

    None.

Critical Paths under _main in BANK0

    _main->_display

Critical Paths under _isr in BANK0

    None.

Critical Paths under _main in BANK1

    None.

Critical Paths under _isr in BANK1

    None.

Critical Paths under _main in BANK3

    None.

Critical Paths under _isr in BANK3

    None.

Critical Paths under _main in BANK2

    None.

Critical Paths under _isr in BANK2

    None.

Call Graph Tables:

 ---------------------------------------------------------------------------------
 (Depth) Function   	        Calls       Base Space   Used Autos Params    Refs
 ---------------------------------------------------------------------------------
 (0) _main                                                 0     0      0     231
                            _display
                        _init_config
 ---------------------------------------------------------------------------------
 (1) _init_config                                          0     0      0       0
                           _init_ssd
                        _init_timer0
 ---------------------------------------------------------------------------------
 (2) _init_timer0                                          0     0      0       0
 ---------------------------------------------------------------------------------
 (2) _init_ssd                                             0     0      0       0
 ---------------------------------------------------------------------------------
 (1) _display                                             10    10      0     231
                                              2 COMMON     4     4      0
                                              0 BANK0      6     6      0
 ---------------------------------------------------------------------------------
 Estimated maximum stack depth 2
 ---------------------------------------------------------------------------------
 (Depth) Function   	        Calls       Base Space   Used Autos Params    Refs
 ---------------------------------------------------------------------------------
 (3) _isr                                                  2     2      0       0
                                              0 COMMON     2     2      0
 ---------------------------------------------------------------------------------
 Estimated maximum stack depth 3
 ---------------------------------------------------------------------------------

 Call Graph Graphs:

 _main (ROOT)
   _display
   _init_config
     _init_ssd
     _init_timer0

 _isr (ROOT)

 Address spaces:
Name               Size   Autos  Total    Cost      Usage
BANK3               60      0       0       9        0.0%
BITBANK3            60      0       0       8        0.0%
SFR3                 0      0       0       4        0.0%
BITSFR3              0      0       0       4        0.0%
BANK2               60      0       0      11        0.0%
BITBANK2            60      0       0      10        0.0%
SFR2                 0      0       0       5        0.0%
BITSFR2              0      0       0       5        0.0%
BANK1               50      0       0       7        0.0%
BITBANK1            50      0       0       6        0.0%
SFR1                 0      0       0       2        0.0%
BITSFR1              0      0       0       2        0.0%
BANK0               50      6       C       5       15.0%
BITBANK0            50      0       0       4        0.0%
SFR0                 0      0       0       1        0.0%
BITSFR0              0      0       0       1        0.0%
COMMON               E      6       8       1       57.1%
BITCOMMON            E      0       0       0        0.0%
CODE                 0      0       0       0        0.0%
DATA                 0      0      14      12        0.0%
ABS                  0      0      14       3        0.0%
NULL                 0      0       0       0        0.0%
STACK                0      0       0       2        0.0%
EEDATA             100      0       0       0        0.0%


Microchip Technology PIC Macro Assembler V2.45 build 20230818022343 
Symbol Table                                                                                   Mon Oct 30 15:23:28 2023

                     l70 0107                       l47 00FB                       l78 0088  
                     l89 0111                      l703 00FC                      l711 010C  
                    l705 00FF                      l713 0110                      l721 00F9  
                    l801 00DF                      l707 0102                      l723 00FA  
                    l715 00E9                      l709 0108                      l717 00EC  
                    l719 00F6                      l781 003B                      l773 0032  
                    l783 0048                      l791 00BB                      l785 0050  
                    l793 00C0                      l787 007C                      l779 0033  
                    l795 00CD                      l789 0082                      l797 00CE  
                    l799 00D2                      _GIE 005F                      _RB7 0037  
                    u200 006E                      u210 007C                      u211 007B  
                    u220 0088                      u221 0087                      u205 0061  
                    u206 0062                      u230 00CD                      u207 0067  
                    u231 00CC                      u208 0068                      u240 00DF  
                    u209 006D                      u241 00DE                      u235 00C9  
                    u245 00DB                      u194 0041                      u195 003F  
                    _PSA 040B                      _isr 0089                      fsr0 0004  
                    indf 0000                     ?_isr 0070                     _T0CS 040D  
                   _INTE 005C                     i1l22 00B4                     _INTF 0059  
                   _TMR0 0001              display@data 0024              display@wait 0020  
                   _main 00BB                     btemp 007E                     start 000C  
                  ??_isr 0070                    ?_main 0070             ?_init_config 0070  
                  i1l751 00A7                    i1l743 0089                    i1l753 00A8  
                  i1l745 008D                    i1l755 00A9                    i1l747 00A1  
                  i1l757 00AF                    i1l749 00A5                    i1l759 00B3  
                  u14_20 008D                    u14_21 008C                    u15_20 00A1  
                  u15_21 00A0                    u16_20 00A5                    u16_21 00A4  
                  _PORTA 0005                    _PORTB 0006                    _PORTD 0008  
                  _TRISA 0085                    _TRISD 0088             ?_init_timer0 0070  
           display@digit 0025          __end_of_display 0089                    pclath 000A  
                  status 0003                    wtemp0 007E          __initialization 000F  
           __end_of_main 00E9                   ??_main 0076                   _TMR0IE 005D  
                 _TMR0IF 005A                   _TRISB7 0437                   _count1 0076  
       __end_of_init_ssd 0108                ??_display 0072                   saved_w 007E  
__end_of__initialization 002B           __pcstackCOMMON 0070             __pidataBANK0 0112  
             __pbssBANK0 002A               __pmaintext 00BB               __pintentry 0004  
              ?_init_ssd 0070                  __ptext1 00E9                  __ptext2 0108  
                __ptext3 00FC                  __ptext4 002F                  __ptext5 0089  
                _display 002F                  main@ssd 0026     end_of_initialization 002B  
             ??_init_ssd 0072      start_initialization 000F              __end_of_isr 00BB  
            __pdataBANK0 0026            ??_init_config 0072            ??_init_timer0 0072  
            __pbssCOMMON 0076                ___latbits 0002            __pcstackBANK0 0020  
               ?_display 0070      __end_of_init_config 00FC      __end_of_init_timer0 0112  
      interrupt_function 0004              _init_config 00E9              _init_timer0 0108  
               _init_ssd 00FC                 isr@count 002A                 intlevel1 0000  
